<?xml version="1.0" encoding="UTF-8"?><testsuite failures="0" name="cucumber.runtime.formatter.JUnitFormatter" skipped="0" tests="3" time="0.179519">
<testcase classname="Close the browser" name="Close browser when done" time="0.179016">
<system-out><![CDATA[Then Close the Browser......................................................passed
]]></system-out>
</testcase>
<testcase classname="Free CRM Login Feature" name="Free CRM Login Test Scenario" time="0.000191">
<system-out><![CDATA[Given user is already on Google Search Page.................................passed
]]></system-out>
</testcase>
<testcase classname="Free CRM Login Feature" name="Free CRM Login Test Scenario" time="0.000312">
<system-out><![CDATA[Given user what is the capital of Canada in the search page.................passed
Then user clicks on the search button.......................................passed
]]></system-out>
</testcase>
</testsuite>
